Build started 06/03/2016 10:40:20.
     1>Project "C:\Users\AurL\Desktop\curl-7.47.1\projects\Windows\VC12\lib\libcurl.vcxproj" on node 2 (Build target(s)).
     1>ClCompile:
         C:\Program Files (x86)\Microsoft Visual Studio 12.0\VC\bin\x86_amd64\CL.exe /c /I"C:\Users\AurL\Desktop\openssl-1.0.1c_static_w32_mingw\include" /I..\..\..\..\include /I..\..\..\..\lib /I..\..\..\..\..\openssl\inc32 /Zi /nologo /W3 /WX- /O2 /Ob1 /D NDEBUG /D BUILDING_LIBCURL /D CURL_STATICLIB /D USE_OPENSSL /D _MBCS /GF /Gm- /EHsc /MD /GS /Gy /fp:precise /Zc:wchar_t /Zc:forScope /Fo"..\..\..\..\build\Win64\VC12\LIB Release - LIB OpenSSL\lib\\" /Fd"..\..\..\..\build\Win64\VC12\LIB Release - LIB OpenSSL\lib\vc120.pdb" /Gd /TC /errorReport:prompt ..\..\..\..\lib\amigaos.c "..\..\..\..\lib\asyn-ares.c" "..\..\..\..\lib\asyn-thread.c" ..\..\..\..\lib\base64.c ..\..\..\..\lib\conncache.c ..\..\..\..\lib\connect.c ..\..\..\..\lib\content_encoding.c ..\..\..\..\lib\cookie.c ..\..\..\..\lib\curl_addrinfo.c ..\..\..\..\lib\curl_des.c ..\..\..\..\lib\curl_endian.c ..\..\..\..\lib\curl_fnmatch.c ..\..\..\..\lib\curl_gethostname.c ..\..\..\..\lib\curl_gssapi.c ..\..\..\..\lib\curl_memrchr.c ..\..\..\..\lib\curl_multibyte.c ..\..\..\..\lib\curl_ntlm.c ..\..\..\..\lib\curl_ntlm_core.c ..\..\..\..\lib\curl_ntlm_msgs.c ..\..\..\..\lib\curl_ntlm_wb.c ..\..\..\..\lib\curl_rtmp.c ..\..\..\..\lib\curl_sasl.c ..\..\..\..\lib\curl_sasl_gssapi.c ..\..\..\..\lib\curl_sasl_sspi.c ..\..\..\..\lib\curl_sspi.c ..\..\..\..\lib\curl_threads.c ..\..\..\..\lib\dict.c ..\..\..\..\lib\dotdot.c ..\..\..\..\lib\easy.c ..\..\..\..\lib\escape.c ..\..\..\..\lib\file.c ..\..\..\..\lib\fileinfo.c ..\..\..\..\lib\formdata.c ..\..\..\..\lib\ftp.c ..\..\..\..\lib\ftplistparser.c ..\..\..\..\lib\getenv.c ..\..\..\..\lib\getinfo.c ..\..\..\..\lib\gopher.c ..\..\..\..\lib\hash.c ..\..\..\..\lib\hmac.c ..\..\..\..\lib\hostasyn.c ..\..\..\..\lib\hostcheck.c ..\..\..\..\lib\hostip4.c ..\..\..\..\lib\hostip6.c ..\..\..\..\lib\hostip.c ..\..\..\..\lib\hostsyn.c ..\..\..\..\lib\http2.c ..\..\..\..\lib\http.c ..\..\..\..\lib\http_chunks.c ..\..\..\..\lib\http_digest.c ..\..\..\..\lib\http_negotiate.c ..\..\..\..\lib\http_negotiate_sspi.c ..\..\..\..\lib\http_proxy.c ..\..\..\..\lib\idn_win32.c ..\..\..\..\lib\if2ip.c ..\..\..\..\lib\imap.c ..\..\..\..\lib\inet_ntop.c ..\..\..\..\lib\inet_pton.c ..\..\..\..\lib\krb5.c ..\..\..\..\lib\ldap.c ..\..\..\..\lib\llist.c ..\..\..\..\lib\md4.c ..\..\..\..\lib\md5.c ..\..\..\..\lib\memdebug.c ..\..\..\..\lib\mprintf.c ..\..\..\..\lib\multi.c ..\..\..\..\lib\netrc.c "..\..\..\..\lib\non-ascii.c" ..\..\..\..\lib\nonblock.c ..\..\..\..\lib\openldap.c ..\..\..\..\lib\parsedate.c ..\..\..\..\lib\pingpong.c ..\..\..\..\lib\pipeline.c ..\..\..\..\lib\pop3.c ..\..\..\..\lib\progress.c ..\..\..\..\lib\rawstr.c ..\..\..\..\lib\rtsp.c ..\..\..\..\lib\security.c ..\..\..\..\lib\select.c ..\..\..\..\lib\sendf.c ..\..\..\..\lib\share.c ..\..\..\..\lib\slist.c ..\..\..\..\lib\smb.c ..\..\..\..\lib\smtp.c ..\..\..\..\lib\socks.c ..\..\..\..\lib\socks_gssapi.c ..\..\..\..\lib\socks_sspi.c ..\..\..\..\lib\speedcheck.c ..\..\..\..\lib\splay.c ..\..\..\..\lib\ssh.c ..\..\..\..\lib\strdup.c ..\..\..\..\lib\strequal.c ..\..\..\..\lib\strerror.c ..\..\..\..\lib\strtok.c ..\..\..\..\lib\strtoofft.c ..\..\..\..\lib\telnet.c ..\..\..\..\lib\tftp.c ..\..\..\..\lib\timeval.c ..\..\..\..\lib\transfer.c ..\..\..\..\lib\url.c ..\..\..\..\lib\version.c ..\..\..\..\lib\warnless.c ..\..\..\..\lib\wildcard.c ..\..\..\..\lib\x509asn1.c ..\..\..\..\lib\vtls\axtls.c ..\..\..\..\lib\vtls\cyassl.c ..\..\..\..\lib\vtls\darwinssl.c ..\..\..\..\lib\vtls\gskit.c ..\..\..\..\lib\vtls\gtls.c ..\..\..\..\lib\vtls\mbedtls.c ..\..\..\..\lib\vtls\nss.c ..\..\..\..\lib\vtls\openssl.c ..\..\..\..\lib\vtls\polarssl.c ..\..\..\..\lib\vtls\polarssl_threadlock.c ..\..\..\..\lib\vtls\schannel.c ..\..\..\..\lib\vtls\vtls.c
         amigaos.c
         asyn-ares.c
         asyn-thread.c
         base64.c
         conncache.c
         connect.c
         content_encoding.c
         cookie.c
         curl_addrinfo.c
         curl_des.c
         curl_endian.c
         curl_fnmatch.c
         curl_gethostname.c
         curl_gssapi.c
         curl_memrchr.c
         curl_multibyte.c
         curl_ntlm.c
         curl_ntlm_core.c
         curl_ntlm_msgs.c
         curl_ntlm_wb.c
         Generating Code...
         Compiling...
         curl_rtmp.c
         curl_sasl.c
         curl_sasl_gssapi.c
         curl_sasl_sspi.c
         curl_sspi.c
         curl_threads.c
         dict.c
         dotdot.c
         easy.c
         escape.c
         file.c
         fileinfo.c
         formdata.c
         ftp.c
         ftplistparser.c
         getenv.c
         getinfo.c
         gopher.c
         hash.c
         hmac.c
         Generating Code...
         Compiling...
         hostasyn.c
         hostcheck.c
         hostip4.c
         hostip6.c
         hostip.c
         hostsyn.c
         http2.c
         http.c
         http_chunks.c
         http_digest.c
         http_negotiate.c
         http_negotiate_sspi.c
         http_proxy.c
         idn_win32.c
         if2ip.c
         imap.c
         inet_ntop.c
         inet_pton.c
         krb5.c
         ldap.c
         Generating Code...
         Compiling...
         llist.c
         md4.c
         md5.c
         memdebug.c
         mprintf.c
         multi.c
         netrc.c
         non-ascii.c
         nonblock.c
         openldap.c
         parsedate.c
         pingpong.c
         pipeline.c
         pop3.c
         progress.c
         rawstr.c
         rtsp.c
         security.c
         select.c
         sendf.c
         Generating Code...
         Compiling...
         share.c
         slist.c
         smb.c
         smtp.c
         socks.c
         socks_gssapi.c
         socks_sspi.c
         speedcheck.c
         splay.c
         ssh.c
         strdup.c
         strequal.c
         strerror.c
         strtok.c
         strtoofft.c
         telnet.c
         tftp.c
         timeval.c
         transfer.c
         url.c
         Generating Code...
         Compiling...
         version.c
         warnless.c
         wildcard.c
         x509asn1.c
         axtls.c
         cyassl.c
         darwinssl.c
         gskit.c
         gtls.c
         mbedtls.c
         nss.c
         openssl.c
         polarssl.c
         polarssl_threadlock.c
         schannel.c
         vtls.c
         Generating Code...
       ResourceCompile:
         C:\Program Files (x86)\Windows Kits\8.1\bin\x86\rc.exe /D NDEBUG /l"0x0409" /nologo /fo"..\..\..\..\build\Win64\VC12\LIB Release - LIB OpenSSL\lib\libcurl.res" ..\..\..\..\lib\libcurl.rc 
       Lib:
         C:\Program Files (x86)\Microsoft Visual Studio 12.0\VC\bin\x86_amd64\Lib.exe /OUT:"..\..\..\..\build\Win64\VC12\LIB Release - LIB OpenSSL\libcurl.lib" /NOLOGO /MACHINE:X64 "..\..\..\..\build\Win64\VC12\LIB Release - LIB OpenSSL\lib\libcurl.res"
         "..\..\..\..\build\Win64\VC12\LIB Release - LIB OpenSSL\lib\amigaos.obj"
         "..\..\..\..\build\Win64\VC12\LIB Release - LIB OpenSSL\lib\asyn-ares.obj"
         "..\..\..\..\build\Win64\VC12\LIB Release - LIB OpenSSL\lib\asyn-thread.obj"
         "..\..\..\..\build\Win64\VC12\LIB Release - LIB OpenSSL\lib\base64.obj"
         "..\..\..\..\build\Win64\VC12\LIB Release - LIB OpenSSL\lib\conncache.obj"
         "..\..\..\..\build\Win64\VC12\LIB Release - LIB OpenSSL\lib\connect.obj"
         "..\..\..\..\build\Win64\VC12\LIB Release - LIB OpenSSL\lib\content_encoding.obj"
         "..\..\..\..\build\Win64\VC12\LIB Release - LIB OpenSSL\lib\cookie.obj"
         "..\..\..\..\build\Win64\VC12\LIB Release - LIB OpenSSL\lib\curl_addrinfo.obj"
         "..\..\..\..\build\Win64\VC12\LIB Release - LIB OpenSSL\lib\curl_des.obj"
         "..\..\..\..\build\Win64\VC12\LIB Release - LIB OpenSSL\lib\curl_endian.obj"
         "..\..\..\..\build\Win64\VC12\LIB Release - LIB OpenSSL\lib\curl_fnmatch.obj"
         "..\..\..\..\build\Win64\VC12\LIB Release - LIB OpenSSL\lib\curl_gethostname.obj"
         "..\..\..\..\build\Win64\VC12\LIB Release - LIB OpenSSL\lib\curl_gssapi.obj"
         "..\..\..\..\build\Win64\VC12\LIB Release - LIB OpenSSL\lib\curl_memrchr.obj"
         "..\..\..\..\build\Win64\VC12\LIB Release - LIB OpenSSL\lib\curl_multibyte.obj"
         "..\..\..\..\build\Win64\VC12\LIB Release - LIB OpenSSL\lib\curl_ntlm.obj"
         "..\..\..\..\build\Win64\VC12\LIB Release - LIB OpenSSL\lib\curl_ntlm_core.obj"
         "..\..\..\..\build\Win64\VC12\LIB Release - LIB OpenSSL\lib\curl_ntlm_msgs.obj"
         "..\..\..\..\build\Win64\VC12\LIB Release - LIB OpenSSL\lib\curl_ntlm_wb.obj"
         "..\..\..\..\build\Win64\VC12\LIB Release - LIB OpenSSL\lib\curl_rtmp.obj"
         "..\..\..\..\build\Win64\VC12\LIB Release - LIB OpenSSL\lib\curl_sasl.obj"
         "..\..\..\..\build\Win64\VC12\LIB Release - LIB OpenSSL\lib\curl_sasl_gssapi.obj"
         "..\..\..\..\build\Win64\VC12\LIB Release - LIB OpenSSL\lib\curl_sasl_sspi.obj"
         "..\..\..\..\build\Win64\VC12\LIB Release - LIB OpenSSL\lib\curl_sspi.obj"
         "..\..\..\..\build\Win64\VC12\LIB Release - LIB OpenSSL\lib\curl_threads.obj"
         "..\..\..\..\build\Win64\VC12\LIB Release - LIB OpenSSL\lib\dict.obj"
         "..\..\..\..\build\Win64\VC12\LIB Release - LIB OpenSSL\lib\dotdot.obj"
         "..\..\..\..\build\Win64\VC12\LIB Release - LIB OpenSSL\lib\easy.obj"
         "..\..\..\..\build\Win64\VC12\LIB Release - LIB OpenSSL\lib\escape.obj"
         "..\..\..\..\build\Win64\VC12\LIB Release - LIB OpenSSL\lib\file.obj"
         "..\..\..\..\build\Win64\VC12\LIB Release - LIB OpenSSL\lib\fileinfo.obj"
         "..\..\..\..\build\Win64\VC12\LIB Release - LIB OpenSSL\lib\formdata.obj"
         "..\..\..\..\build\Win64\VC12\LIB Release - LIB OpenSSL\lib\ftp.obj"
         "..\..\..\..\build\Win64\VC12\LIB Release - LIB OpenSSL\lib\ftplistparser.obj"
         "..\..\..\..\build\Win64\VC12\LIB Release - LIB OpenSSL\lib\getenv.obj"
         "..\..\..\..\build\Win64\VC12\LIB Release - LIB OpenSSL\lib\getinfo.obj"
         "..\..\..\..\build\Win64\VC12\LIB Release - LIB OpenSSL\lib\gopher.obj"
         "..\..\..\..\build\Win64\VC12\LIB Release - LIB OpenSSL\lib\hash.obj"
         "..\..\..\..\build\Win64\VC12\LIB Release - LIB OpenSSL\lib\hmac.obj"
         "..\..\..\..\build\Win64\VC12\LIB Release - LIB OpenSSL\lib\hostasyn.obj"
         "..\..\..\..\build\Win64\VC12\LIB Release - LIB OpenSSL\lib\hostcheck.obj"
         "..\..\..\..\build\Win64\VC12\LIB Release - LIB OpenSSL\lib\hostip4.obj"
         "..\..\..\..\build\Win64\VC12\LIB Release - LIB OpenSSL\lib\hostip6.obj"
         "..\..\..\..\build\Win64\VC12\LIB Release - LIB OpenSSL\lib\hostip.obj"
         "..\..\..\..\build\Win64\VC12\LIB Release - LIB OpenSSL\lib\hostsyn.obj"
         "..\..\..\..\build\Win64\VC12\LIB Release - LIB OpenSSL\lib\http2.obj"
         "..\..\..\..\build\Win64\VC12\LIB Release - LIB OpenSSL\lib\http.obj"
         "..\..\..\..\build\Win64\VC12\LIB Release - LIB OpenSSL\lib\http_chunks.obj"
         "..\..\..\..\build\Win64\VC12\LIB Release - LIB OpenSSL\lib\http_digest.obj"
         "..\..\..\..\build\Win64\VC12\LIB Release - LIB OpenSSL\lib\http_negotiate.obj"
         "..\..\..\..\build\Win64\VC12\LIB Release - LIB OpenSSL\lib\http_negotiate_sspi.obj"
         "..\..\..\..\build\Win64\VC12\LIB Release - LIB OpenSSL\lib\http_proxy.obj"
         "..\..\..\..\build\Win64\VC12\LIB Release - LIB OpenSSL\lib\idn_win32.obj"
         "..\..\..\..\build\Win64\VC12\LIB Release - LIB OpenSSL\lib\if2ip.obj"
         "..\..\..\..\build\Win64\VC12\LIB Release - LIB OpenSSL\lib\imap.obj"
         "..\..\..\..\build\Win64\VC12\LIB Release - LIB OpenSSL\lib\inet_ntop.obj"
         "..\..\..\..\build\Win64\VC12\LIB Release - LIB OpenSSL\lib\inet_pton.obj"
         "..\..\..\..\build\Win64\VC12\LIB Release - LIB OpenSSL\lib\krb5.obj"
         "..\..\..\..\build\Win64\VC12\LIB Release - LIB OpenSSL\lib\ldap.obj"
         "..\..\..\..\build\Win64\VC12\LIB Release - LIB OpenSSL\lib\llist.obj"
         "..\..\..\..\build\Win64\VC12\LIB Release - LIB OpenSSL\lib\md4.obj"
         "..\..\..\..\build\Win64\VC12\LIB Release - LIB OpenSSL\lib\md5.obj"
         "..\..\..\..\build\Win64\VC12\LIB Release - LIB OpenSSL\lib\memdebug.obj"
         "..\..\..\..\build\Win64\VC12\LIB Release - LIB OpenSSL\lib\mprintf.obj"
         "..\..\..\..\build\Win64\VC12\LIB Release - LIB OpenSSL\lib\multi.obj"
         "..\..\..\..\build\Win64\VC12\LIB Release - LIB OpenSSL\lib\netrc.obj"
         "..\..\..\..\build\Win64\VC12\LIB Release - LIB OpenSSL\lib\non-ascii.obj"
         "..\..\..\..\build\Win64\VC12\LIB Release - LIB OpenSSL\lib\nonblock.obj"
         "..\..\..\..\build\Win64\VC12\LIB Release - LIB OpenSSL\lib\openldap.obj"
         "..\..\..\..\build\Win64\VC12\LIB Release - LIB OpenSSL\lib\parsedate.obj"
         "..\..\..\..\build\Win64\VC12\LIB Release - LIB OpenSSL\lib\pingpong.obj"
         "..\..\..\..\build\Win64\VC12\LIB Release - LIB OpenSSL\lib\pipeline.obj"
         "..\..\..\..\build\Win64\VC12\LIB Release - LIB OpenSSL\lib\pop3.obj"
         "..\..\..\..\build\Win64\VC12\LIB Release - LIB OpenSSL\lib\progress.obj"
         "..\..\..\..\build\Win64\VC12\LIB Release - LIB OpenSSL\lib\rawstr.obj"
         "..\..\..\..\build\Win64\VC12\LIB Release - LIB OpenSSL\lib\rtsp.obj"
         "..\..\..\..\build\Win64\VC12\LIB Release - LIB OpenSSL\lib\security.obj"
         "..\..\..\..\build\Win64\VC12\LIB Release - LIB OpenSSL\lib\select.obj"
         "..\..\..\..\build\Win64\VC12\LIB Release - LIB OpenSSL\lib\sendf.obj"
         "..\..\..\..\build\Win64\VC12\LIB Release - LIB OpenSSL\lib\share.obj"
         "..\..\..\..\build\Win64\VC12\LIB Release - LIB OpenSSL\lib\slist.obj"
         "..\..\..\..\build\Win64\VC12\LIB Release - LIB OpenSSL\lib\smb.obj"
         "..\..\..\..\build\Win64\VC12\LIB Release - LIB OpenSSL\lib\smtp.obj"
         "..\..\..\..\build\Win64\VC12\LIB Release - LIB OpenSSL\lib\socks.obj"
         "..\..\..\..\build\Win64\VC12\LIB Release - LIB OpenSSL\lib\socks_gssapi.obj"
         "..\..\..\..\build\Win64\VC12\LIB Release - LIB OpenSSL\lib\socks_sspi.obj"
         "..\..\..\..\build\Win64\VC12\LIB Release - LIB OpenSSL\lib\speedcheck.obj"
         "..\..\..\..\build\Win64\VC12\LIB Release - LIB OpenSSL\lib\splay.obj"
         "..\..\..\..\build\Win64\VC12\LIB Release - LIB OpenSSL\lib\ssh.obj"
         "..\..\..\..\build\Win64\VC12\LIB Release - LIB OpenSSL\lib\strdup.obj"
         "..\..\..\..\build\Win64\VC12\LIB Release - LIB OpenSSL\lib\strequal.obj"
         "..\..\..\..\build\Win64\VC12\LIB Release - LIB OpenSSL\lib\strerror.obj"
         "..\..\..\..\build\Win64\VC12\LIB Release - LIB OpenSSL\lib\strtok.obj"
         "..\..\..\..\build\Win64\VC12\LIB Release - LIB OpenSSL\lib\strtoofft.obj"
         "..\..\..\..\build\Win64\VC12\LIB Release - LIB OpenSSL\lib\telnet.obj"
         "..\..\..\..\build\Win64\VC12\LIB Release - LIB OpenSSL\lib\tftp.obj"
         "..\..\..\..\build\Win64\VC12\LIB Release - LIB OpenSSL\lib\timeval.obj"
         "..\..\..\..\build\Win64\VC12\LIB Release - LIB OpenSSL\lib\transfer.obj"
         "..\..\..\..\build\Win64\VC12\LIB Release - LIB OpenSSL\lib\url.obj"
         "..\..\..\..\build\Win64\VC12\LIB Release - LIB OpenSSL\lib\version.obj"
         "..\..\..\..\build\Win64\VC12\LIB Release - LIB OpenSSL\lib\warnless.obj"
         "..\..\..\..\build\Win64\VC12\LIB Release - LIB OpenSSL\lib\wildcard.obj"
         "..\..\..\..\build\Win64\VC12\LIB Release - LIB OpenSSL\lib\x509asn1.obj"
         "..\..\..\..\build\Win64\VC12\LIB Release - LIB OpenSSL\lib\axtls.obj"
         "..\..\..\..\build\Win64\VC12\LIB Release - LIB OpenSSL\lib\cyassl.obj"
         "..\..\..\..\build\Win64\VC12\LIB Release - LIB OpenSSL\lib\darwinssl.obj"
         "..\..\..\..\build\Win64\VC12\LIB Release - LIB OpenSSL\lib\gskit.obj"
         "..\..\..\..\build\Win64\VC12\LIB Release - LIB OpenSSL\lib\gtls.obj"
         "..\..\..\..\build\Win64\VC12\LIB Release - LIB OpenSSL\lib\mbedtls.obj"
         "..\..\..\..\build\Win64\VC12\LIB Release - LIB OpenSSL\lib\nss.obj"
         "..\..\..\..\build\Win64\VC12\LIB Release - LIB OpenSSL\lib\openssl.obj"
         "..\..\..\..\build\Win64\VC12\LIB Release - LIB OpenSSL\lib\polarssl.obj"
         "..\..\..\..\build\Win64\VC12\LIB Release - LIB OpenSSL\lib\polarssl_threadlock.obj"
         "..\..\..\..\build\Win64\VC12\LIB Release - LIB OpenSSL\lib\schannel.obj"
         "..\..\..\..\build\Win64\VC12\LIB Release - LIB OpenSSL\lib\vtls.obj"
         libcurl.vcxproj -> C:\Users\AurL\Desktop\curl-7.47.1\projects\Windows\VC12\lib\..\..\..\..\build\Win64\VC12\LIB Release - LIB OpenSSL\libcurl.lib
     1>Done Building Project "C:\Users\AurL\Desktop\curl-7.47.1\projects\Windows\VC12\lib\libcurl.vcxproj" (Build target(s)).

Build succeeded.

Time Elapsed 00:00:18.23
